C:\USERS\ADY\DOCUMENTS\VISUAL STUDIO 2012\PROJECTS\1ST\1ST\DEBUG\SOURCE.OBJ
C:\USERS\ADY\DOCUMENTS\VISUAL STUDIO 2012\PROJECTS\1ST\1ST\DEBUG\VC110.PDB
C:\USERS\ADY\DOCUMENTS\VISUAL STUDIO 2012\PROJECTS\1ST\DEBUG\1ST.ILK
C:\USERS\ADY\DOCUMENTS\VISUAL STUDIO 2012\PROJECTS\1ST\DEBUG\1ST.EXE
C:\USERS\ADY\DOCUMENTS\VISUAL STUDIO 2012\PROJECTS\1ST\DEBUG\1ST.PDB
c:\Users\Ady\documents\visual studio 2012\Projects\1st\1st\Debug\Source.obj
c:\Users\Ady\documents\visual studio 2012\Projects\1st\1st\Debug\cl.command.1.tlog
c:\Users\Ady\documents\visual studio 2012\Projects\1st\1st\Debug\CL.read.1.tlog
c:\Users\Ady\documents\visual studio 2012\Projects\1st\1st\Debug\CL.write.1.tlog
c:\Users\Ady\documents\visual studio 2012\Projects\1st\1st\Debug\link-cvtres.read.1.tlog
c:\Users\Ady\documents\visual studio 2012\Projects\1st\1st\Debug\link-cvtres.write.1.tlog
c:\Users\Ady\documents\visual studio 2012\Projects\1st\1st\Debug\link-rc.read.1.tlog
c:\Users\Ady\documents\visual studio 2012\Projects\1st\1st\Debug\link-rc.write.1.tlog
c:\Users\Ady\documents\visual studio 2012\Projects\1st\1st\Debug\link.command.1.tlog
c:\Users\Ady\documents\visual studio 2012\Projects\1st\1st\Debug\link.read.1.tlog
c:\Users\Ady\documents\visual studio 2012\Projects\1st\1st\Debug\link.write.1.tlog
c:\Users\Ady\documents\visual studio 2012\Projects\1st\1st\Debug\vc110.idb
c:\Users\Ady\documents\visual studio 2012\Projects\1st\1st\Debug\vc110.pdb
c:\users\ady\documents\visual studio 2012\Projects\1st\Debug\1st.pdb
c:\users\ady\documents\visual studio 2012\Projects\1st\Debug\1st.exe
c:\users\ady\documents\visual studio 2012\Projects\1st\Debug\1st.ilk
